0 info it worked if it ends with ok
1 verbose cli [ '/usr/bin/node', '/usr/bin/npm', 'install' ]
2 info using npm@3.5.2
3 info using node@v8.10.0
4 silly loadCurrentTree Starting
5 silly install loadCurrentTree
6 silly install readLocalPackageData
7 silly install normalizeTree
8 silly loadCurrentTree Finishing
9 silly loadIdealTree Starting
10 silly install loadIdealTree
11 silly cloneCurrentTree Starting
12 silly install cloneCurrentTreeToIdealTree
13 silly cloneCurrentTree Finishing
14 silly loadShrinkwrap Starting
15 silly install loadShrinkwrap
16 silly loadShrinkwrap Finishing
17 silly loadAllDepsIntoIdealTree Starting
18 silly install loadAllDepsIntoIdealTree
19 silly fetchNamedPackageData fsevents
20 silly mapToRegistry name fsevents
21 silly mapToRegistry using default registry
22 silly mapToRegistry registry https://registry.npmjs.org/
23 silly mapToRegistry uri https://registry.npmjs.org/fsevents
24 verbose request uri https://registry.npmjs.org/fsevents
25 verbose request no auth needed
26 info attempt registry request try #1 at 3:53:02 PM
27 verbose request id 386b8a6cc7f9c16a
28 verbose etag W/"9ff14987b4ec19e977697a4c1d741a18"
29 verbose lastModified Wed, 06 May 2020 17:49:14 GMT
30 http request GET https://registry.npmjs.org/fsevents
31 http 304 https://registry.npmjs.org/fsevents
32 verbose headers { date: 'Wed, 01 Jul 2020 19:53:02 GMT',
32 verbose headers   connection: 'keep-alive',
32 verbose headers   'set-cookie':
32 verbose headers    [ '__cfduid=dfc6b687bf91fed438ec58731ae105fd11593633182; expires=Fri, 31-Jul-20 19:53:02 GMT; path=/; domain=.npmjs.org; HttpOnly; SameSite=Lax' ],
32 verbose headers   'cf-ray': '5ac2abbe7e210400-ORD',
32 verbose headers   age: '2406',
32 verbose headers   'cache-control': 'public, max-age=300',
32 verbose headers   etag: '"9ff14987b4ec19e977697a4c1d741a18"',
32 verbose headers   'last-modified': 'Wed, 06 May 2020 17:49:14 GMT',
32 verbose headers   vary: 'Accept-Encoding',
32 verbose headers   'cf-cache-status': 'HIT',
32 verbose headers   'cf-request-id': '03ad89ab0600000400bd30a200000001',
32 verbose headers   'expect-ct': 'max-age=604800, report-uri="https://report-uri.cloudflare.com/cdn-cgi/beacon/expect-ct"',
32 verbose headers   server: 'cloudflare' }
33 silly get cb [ 304,
33 silly get   { date: 'Wed, 01 Jul 2020 19:53:02 GMT',
33 silly get     connection: 'keep-alive',
33 silly get     'set-cookie':
33 silly get      [ '__cfduid=dfc6b687bf91fed438ec58731ae105fd11593633182; expires=Fri, 31-Jul-20 19:53:02 GMT; path=/; domain=.npmjs.org; HttpOnly; SameSite=Lax' ],
33 silly get     'cf-ray': '5ac2abbe7e210400-ORD',
33 silly get     age: '2406',
33 silly get     'cache-control': 'public, max-age=300',
33 silly get     etag: '"9ff14987b4ec19e977697a4c1d741a18"',
33 silly get     'last-modified': 'Wed, 06 May 2020 17:49:14 GMT',
33 silly get     vary: 'Accept-Encoding',
33 silly get     'cf-cache-status': 'HIT',
33 silly get     'cf-request-id': '03ad89ab0600000400bd30a200000001',
33 silly get     'expect-ct': 'max-age=604800, report-uri="https://report-uri.cloudflare.com/cdn-cgi/beacon/expect-ct"',
33 silly get     server: 'cloudflare' } ]
34 verbose etag https://registry.npmjs.org/fsevents from cache
35 verbose get saving fsevents to /home/kirk/.npm/registry.npmjs.org/fsevents/.cache.json
36 silly resolveWithNewModule fsevents@1.2.13 checking installable status
37 silly loadAllDepsIntoIdealTree Finishing
38 silly idealTree:prePrune a3@1.0.0
38 silly idealTree:prePrune ├── @gradecam/tsenum@1.2.0
38 silly idealTree:prePrune ├─┬ @nuxtjs/opencollective@0.2.2
38 silly idealTree:prePrune │ └── chalk@2.4.2
38 silly idealTree:prePrune ├── @types/color-name@1.1.1
38 silly idealTree:prePrune ├── @types/minimatch@3.0.3
38 silly idealTree:prePrune ├── @types/validator@10.11.3
38 silly idealTree:prePrune ├── abbrev@1.1.1
38 silly idealTree:prePrune ├── accepts@1.3.7
38 silly idealTree:prePrune ├── acorn-import-meta@1.0.0
38 silly idealTree:prePrune ├── acorn@7.1.1
38 silly idealTree:prePrune ├── ansi-align@2.0.0
38 silly idealTree:prePrune ├── ansi-styles@3.2.1
38 silly idealTree:prePrune ├── ansicolors@0.3.2
38 silly idealTree:prePrune ├─┬ anymatch@2.0.0
38 silly idealTree:prePrune │ └── normalize-path@2.1.1
38 silly idealTree:prePrune ├── arr-diff@4.0.0
38 silly idealTree:prePrune ├── arr-flatten@1.1.0
38 silly idealTree:prePrune ├── arr-union@3.1.0
38 silly idealTree:prePrune ├── array-differ@3.0.0
38 silly idealTree:prePrune ├── array-flatten@1.1.1
38 silly idealTree:prePrune ├── array-union@2.1.0
38 silly idealTree:prePrune ├── array-unique@0.3.2
38 silly idealTree:prePrune ├── arrify@2.0.1
38 silly idealTree:prePrune ├── assign-symbols@1.0.0
38 silly idealTree:prePrune ├── async-each@1.0.3
38 silly idealTree:prePrune ├── atob@2.1.2
38 silly idealTree:prePrune ├── balanced-match@1.0.0
38 silly idealTree:prePrune ├─┬ base@0.11.2
38 silly idealTree:prePrune │ ├── define-property@1.0.0
38 silly idealTree:prePrune │ ├── is-accessor-descriptor@1.0.0
38 silly idealTree:prePrune │ ├── is-data-descriptor@1.0.0
38 silly idealTree:prePrune │ └── is-descriptor@1.0.2
38 silly idealTree:prePrune ├── binary-extensions@1.13.1
38 silly idealTree:prePrune ├── bindings@1.5.0
38 silly idealTree:prePrune ├── body-parser@1.19.0
38 silly idealTree:prePrune ├── boxen@1.3.0
38 silly idealTree:prePrune ├── brace-expansion@1.1.11
38 silly idealTree:prePrune ├─┬ braces@2.3.2
38 silly idealTree:prePrune │ └── extend-shallow@2.0.1
38 silly idealTree:prePrune ├── buffer-from@1.1.1
38 silly idealTree:prePrune ├── busboy@0.3.1
38 silly idealTree:prePrune ├── bytes@3.1.0
38 silly idealTree:prePrune ├── cache-base@1.0.1
38 silly idealTree:prePrune ├── camelcase@4.1.0
38 silly idealTree:prePrune ├── capture-stack-trace@1.0.1
38 silly idealTree:prePrune ├── cardinal@2.1.1
38 silly idealTree:prePrune ├── chalk@2.3.1
38 silly idealTree:prePrune ├── chance@1.1.4
38 silly idealTree:prePrune ├── charenc@0.0.2
38 silly idealTree:prePrune ├── chokidar@2.1.8
38 silly idealTree:prePrune ├── ci-info@1.6.0
38 silly idealTree:prePrune ├─┬ class-utils@0.3.6
38 silly idealTree:prePrune │ └── define-property@0.2.5
38 silly idealTree:prePrune ├── class-validator@0.11.1
38 silly idealTree:prePrune ├── cli-boxes@1.0.0
38 silly idealTree:prePrune ├── collection-visit@1.0.0
38 silly idealTree:prePrune ├── color-convert@1.9.3
38 silly idealTree:prePrune ├── color-name@1.1.3
38 silly idealTree:prePrune ├── commander@5.0.0
38 silly idealTree:prePrune ├── component-emitter@1.3.0
38 silly idealTree:prePrune ├── concat-map@0.0.1
38 silly idealTree:prePrune ├── configstore@3.1.2
38 silly idealTree:prePrune ├── consola@2.11.3
38 silly idealTree:prePrune ├── content-disposition@0.5.3
38 silly idealTree:prePrune ├── content-type@1.0.4
38 silly idealTree:prePrune ├── cookie-signature@1.0.6
38 silly idealTree:prePrune ├── cookie@0.4.0
38 silly idealTree:prePrune ├── copy-descriptor@0.1.1
38 silly idealTree:prePrune ├── core-util-is@1.0.2
38 silly idealTree:prePrune ├── create-error-class@3.0.2
38 silly idealTree:prePrune ├── cross-spawn@5.1.0
38 silly idealTree:prePrune ├── crypt@0.0.2
38 silly idealTree:prePrune ├── crypto-random-string@1.0.0
38 silly idealTree:prePrune ├── debug@2.6.9
38 silly idealTree:prePrune ├── decode-uri-component@0.2.0
38 silly idealTree:prePrune ├── deep-extend@0.6.0
38 silly idealTree:prePrune ├── deep-is@0.1.3
38 silly idealTree:prePrune ├─┬ define-property@2.0.2
38 silly idealTree:prePrune │ ├── is-accessor-descriptor@1.0.0
38 silly idealTree:prePrune │ ├── is-data-descriptor@1.0.0
38 silly idealTree:prePrune │ └── is-descriptor@1.0.2
38 silly idealTree:prePrune ├── denque@1.4.1
38 silly idealTree:prePrune ├── depd@1.1.2
38 silly idealTree:prePrune ├── destroy@1.0.4
38 silly idealTree:prePrune ├── dicer@0.3.0
38 silly idealTree:prePrune ├── dot-prop@4.2.0
38 silly idealTree:prePrune ├── duplexer3@0.1.4
38 silly idealTree:prePrune ├── ee-first@1.1.1
38 silly idealTree:prePrune ├── encodeurl@1.0.2
38 silly idealTree:prePrune ├── escape-html@1.0.3
38 silly idealTree:prePrune ├── escape-string-regexp@1.0.5
38 silly idealTree:prePrune ├─┬ escodegen@1.14.1
38 silly idealTree:prePrune │ ├── esprima@4.0.1
38 silly idealTree:prePrune │ └── estraverse@4.3.0
38 silly idealTree:prePrune ├─┬ eslint-scope@5.0.0
38 silly idealTree:prePrune │ └── estraverse@4.3.0
38 silly idealTree:prePrune ├── esprima@4.0.1
38 silly idealTree:prePrune ├─┬ esrecurse@4.2.1
38 silly idealTree:prePrune │ └── estraverse@4.3.0
38 silly idealTree:prePrune ├── estraverse@5.0.0
38 silly idealTree:prePrune ├── esutils@2.0.3
38 silly idealTree:prePrune ├── etag@1.8.1
38 silly idealTree:prePrune ├── eventemitter3@4.0.0
38 silly idealTree:prePrune ├── execa@0.7.0
38 silly idealTree:prePrune ├─┬ expand-brackets@2.1.4
38 silly idealTree:prePrune │ ├── define-property@0.2.5
38 silly idealTree:prePrune │ └── extend-shallow@2.0.1
38 silly idealTree:prePrune ├── express-fileupload@1.1.6
38 silly idealTree:prePrune ├── express@4.17.1
38 silly idealTree:prePrune ├─┬ extend-shallow@3.0.2
38 silly idealTree:prePrune │ └── is-extendable@1.0.1
38 silly idealTree:prePrune ├─┬ extglob@2.0.4
38 silly idealTree:prePrune │ ├── define-property@1.0.0
38 silly idealTree:prePrune │ ├── extend-shallow@2.0.1
38 silly idealTree:prePrune │ ├── is-accessor-descriptor@1.0.0
38 silly idealTree:prePrune │ ├── is-data-descriptor@1.0.0
38 silly idealTree:prePrune │ └── is-descriptor@1.0.2
38 silly idealTree:prePrune ├── fast-deep-equal@3.1.1
38 silly idealTree:prePrune ├── fast-levenshtein@2.0.6
38 silly idealTree:prePrune ├─┬ ffi-napi@2.4.6
38 silly idealTree:prePrune │ ├── debug@3.2.6
38 silly idealTree:prePrune │ └── ms@2.1.2
38 silly idealTree:prePrune ├── file-uri-to-path@1.0.0
38 silly idealTree:prePrune ├─┬ fill-range@4.0.0
38 silly idealTree:prePrune │ └── extend-shallow@2.0.1
38 silly idealTree:prePrune ├── finalhandler@1.1.2
38 silly idealTree:prePrune ├── for-in@1.0.2
38 silly idealTree:prePrune ├── forwarded@0.1.2
38 silly idealTree:prePrune ├── fragment-cache@0.2.1
38 silly idealTree:prePrune ├── fresh@0.5.2
38 silly idealTree:prePrune ├── generate-function@2.3.1
38 silly idealTree:prePrune ├── get-stream@3.0.0
38 silly idealTree:prePrune ├── get-symbol-from-current-process-h@1.0.2
38 silly idealTree:prePrune ├── get-uv-event-loop-napi-h@1.0.6
38 silly idealTree:prePrune ├── get-value@2.0.6
38 silly idealTree:prePrune ├─┬ glob-parent@3.1.0
38 silly idealTree:prePrune │ └── is-glob@3.1.0
38 silly idealTree:prePrune ├── global-dirs@0.1.1
38 silly idealTree:prePrune ├── google-libphonenumber@3.2.8
38 silly idealTree:prePrune ├── got@6.7.1
38 silly idealTree:prePrune ├── graceful-fs@4.2.3
38 silly idealTree:prePrune ├── has-flag@3.0.0
38 silly idealTree:prePrune ├── has-value@1.0.0
38 silly idealTree:prePrune ├─┬ has-values@1.0.0
38 silly idealTree:prePrune │ └── kind-of@4.0.0
38 silly idealTree:prePrune ├── http-errors@1.7.2
38 silly idealTree:prePrune ├── http@0.0.0
38 silly idealTree:prePrune ├── iconv-lite@0.4.24
38 silly idealTree:prePrune ├── ignore-by-default@1.0.1
38 silly idealTree:prePrune ├── import-lazy@2.1.0
38 silly idealTree:prePrune ├── imurmurhash@0.1.4
38 silly idealTree:prePrune ├── inherits@2.0.3
38 silly idealTree:prePrune ├── ini@1.3.5
38 silly idealTree:prePrune ├── inversify@5.0.1
38 silly idealTree:prePrune ├── ipaddr.js@1.9.1
38 silly idealTree:prePrune ├─┬ is-accessor-descriptor@0.1.6
38 silly idealTree:prePrune │ └── kind-of@3.2.2
38 silly idealTree:prePrune ├── is-binary-path@1.0.1
38 silly idealTree:prePrune ├── is-buffer@1.1.6
38 silly idealTree:prePrune ├── is-ci@1.2.1
38 silly idealTree:prePrune ├─┬ is-data-descriptor@0.1.4
38 silly idealTree:prePrune │ └── kind-of@3.2.2
38 silly idealTree:prePrune ├─┬ is-descriptor@0.1.6
38 silly idealTree:prePrune │ └── kind-of@5.1.0
38 silly idealTree:prePrune ├── is-extendable@0.1.1
38 silly idealTree:prePrune ├── is-extglob@2.1.1
38 silly idealTree:prePrune ├── is-fullwidth-code-point@2.0.0
38 silly idealTree:prePrune ├── is-glob@4.0.1
38 silly idealTree:prePrune ├── is-installed-globally@0.1.0
38 silly idealTree:prePrune ├── is-npm@1.0.0
38 silly idealTree:prePrune ├─┬ is-number@3.0.0
38 silly idealTree:prePrune │ └── kind-of@3.2.2
38 silly idealTree:prePrune ├── is-obj@1.0.1
38 silly idealTree:prePrune ├── is-path-inside@1.0.1
38 silly idealTree:prePrune ├── is-plain-object@2.0.4
38 silly idealTree:prePrune ├── is-property@1.0.2
38 silly idealTree:prePrune ├── is-redirect@1.0.0
38 silly idealTree:prePrune ├── is-retry-allowed@1.2.0
38 silly idealTree:prePrune ├── is-stream@1.1.0
38 silly idealTree:prePrune ├── is-windows@1.0.2
38 silly idealTree:prePrune ├── isexe@2.0.0
38 silly idealTree:prePrune ├── isobject@3.0.1
38 silly idealTree:prePrune ├─┬ javascript-obfuscator@0.27.4
38 silly idealTree:prePrune │ ├── ansi-styles@4.2.1
38 silly idealTree:prePrune │ ├── chalk@4.0.0
38 silly idealTree:prePrune │ ├── color-convert@2.0.1
38 silly idealTree:prePrune │ ├── color-name@1.1.4
38 silly idealTree:prePrune │ ├── has-flag@4.0.0
38 silly idealTree:prePrune │ └── supports-color@7.1.0
38 silly idealTree:prePrune ├── js-string-escape@1.0.1
38 silly idealTree:prePrune ├── kind-of@6.0.3
38 silly idealTree:prePrune ├── latest-version@3.1.0
38 silly idealTree:prePrune ├── levn@0.3.0
38 silly idealTree:prePrune ├── long@4.0.0
38 silly idealTree:prePrune ├── lowercase-keys@1.0.1
38 silly idealTree:prePrune ├── lru-cache@4.1.5
38 silly idealTree:prePrune ├── make-dir@1.3.0
38 silly idealTree:prePrune ├── map-cache@0.2.2
38 silly idealTree:prePrune ├── map-visit@1.0.0
38 silly idealTree:prePrune ├── md5@2.2.1
38 silly idealTree:prePrune ├── media-typer@0.3.0
38 silly idealTree:prePrune ├── merge-descriptors@1.0.1
38 silly idealTree:prePrune ├── methods@1.1.2
38 silly idealTree:prePrune ├── micromatch@3.1.10
38 silly idealTree:prePrune ├── mime-db@1.43.0
38 silly idealTree:prePrune ├── mime-types@2.1.26
38 silly idealTree:prePrune ├── mime@1.6.0
38 silly idealTree:prePrune ├── minimatch@3.0.4
38 silly idealTree:prePrune ├── minimist@1.2.5
38 silly idealTree:prePrune ├─┬ mixin-deep@1.3.2
38 silly idealTree:prePrune │ └── is-extendable@1.0.1
38 silly idealTree:prePrune ├── mkdirp@1.0.4
38 silly idealTree:prePrune ├── ms@2.0.0
38 silly idealTree:prePrune ├── multimatch@4.0.0
38 silly idealTree:prePrune ├─┬ mysql2@2.1.0
38 silly idealTree:prePrune │ ├── iconv-lite@0.5.2
38 silly idealTree:prePrune │ ├── lru-cache@5.1.1
38 silly idealTree:prePrune │ └── yallist@3.1.1
38 silly idealTree:prePrune ├── named-placeholders@1.1.2
38 silly idealTree:prePrune ├── nanomatch@1.2.13
38 silly idealTree:prePrune ├── negotiator@0.6.2
38 silly idealTree:prePrune ├── node-addon-api@1.6.1
38 silly idealTree:prePrune ├── node-fetch@2.6.0
38 silly idealTree:prePrune ├─┬ nodemon@1.19.4
38 silly idealTree:prePrune │ ├── debug@3.2.6
38 silly idealTree:prePrune │ └── ms@2.1.2
38 silly idealTree:prePrune ├── nopt@1.0.10
38 silly idealTree:prePrune ├── normalize-path@3.0.0
38 silly idealTree:prePrune ├── npm-run-path@2.0.2
38 silly idealTree:prePrune ├─┬ object-copy@0.1.0
38 silly idealTree:prePrune │ ├── define-property@0.2.5
38 silly idealTree:prePrune │ └── kind-of@3.2.2
38 silly idealTree:prePrune ├── object-visit@1.0.1
38 silly idealTree:prePrune ├── object.pick@1.3.0
38 silly idealTree:prePrune ├── on-finished@2.3.0
38 silly idealTree:prePrune ├── optionator@0.8.3
38 silly idealTree:prePrune ├── p-finally@1.0.0
38 silly idealTree:prePrune ├── package-json@4.0.1
38 silly idealTree:prePrune ├── parseurl@1.3.3
38 silly idealTree:prePrune ├── pascalcase@0.1.1
38 silly idealTree:prePrune ├── path-dirname@1.0.2
38 silly idealTree:prePrune ├── path-is-absolute@1.0.1
38 silly idealTree:prePrune ├── path-is-inside@1.0.2
38 silly idealTree:prePrune ├── path-key@2.0.1
38 silly idealTree:prePrune ├── path-to-regexp@0.1.7
38 silly idealTree:prePrune ├── pify@3.0.0
38 silly idealTree:prePrune ├── posix-character-classes@0.1.1
38 silly idealTree:prePrune ├── prelude-ls@1.1.2
38 silly idealTree:prePrune ├── prepend-http@1.0.4
38 silly idealTree:prePrune ├── process-nextick-args@2.0.1
38 silly idealTree:prePrune ├── proxy-addr@2.0.6
38 silly idealTree:prePrune ├── pseudomap@1.0.2
38 silly idealTree:prePrune ├── pstree.remy@1.1.7
38 silly idealTree:prePrune ├── qs@6.7.0
38 silly idealTree:prePrune ├── range-parser@1.2.1
38 silly idealTree:prePrune ├── raw-body@2.4.0
38 silly idealTree:prePrune ├── rc@1.2.8
38 silly idealTree:prePrune ├─┬ readdirp@2.2.1
38 silly idealTree:prePrune │ ├── isarray@1.0.0
38 silly idealTree:prePrune │ ├── readable-stream@2.3.7
38 silly idealTree:prePrune │ └── string_decoder@1.1.1
38 silly idealTree:prePrune ├── redeyed@2.1.1
38 silly idealTree:prePrune ├─┬ ref-napi@1.4.3
38 silly idealTree:prePrune │ ├── debug@3.2.6
38 silly idealTree:prePrune │ ├── ms@2.1.2
38 silly idealTree:prePrune │ └── node-addon-api@2.0.0
38 silly idealTree:prePrune ├─┬ ref-struct-di@1.1.0
38 silly idealTree:prePrune │ ├── debug@3.2.6
38 silly idealTree:prePrune │ └── ms@2.1.2
38 silly idealTree:prePrune ├── reflect-metadata@0.1.13
38 silly idealTree:prePrune ├── regex-not@1.0.2
38 silly idealTree:prePrune ├── registry-auth-token@3.4.0
38 silly idealTree:prePrune ├── registry-url@3.1.0
38 silly idealTree:prePrune ├── remove-trailing-separator@1.1.0
38 silly idealTree:prePrune ├── repeat-element@1.1.3
38 silly idealTree:prePrune ├── repeat-string@1.6.1
38 silly idealTree:prePrune ├── resolve-url@0.2.1
38 silly idealTree:prePrune ├── ret@0.1.15
38 silly idealTree:prePrune ├── safe-buffer@5.1.2
38 silly idealTree:prePrune ├── safe-regex@1.1.0
38 silly idealTree:prePrune ├── safer-buffer@2.1.2
38 silly idealTree:prePrune ├── semver-diff@2.1.0
38 silly idealTree:prePrune ├── semver@5.7.1
38 silly idealTree:prePrune ├─┬ send@0.17.1
38 silly idealTree:prePrune │ └── ms@2.1.1
38 silly idealTree:prePrune ├── seq-queue@0.0.5
38 silly idealTree:prePrune ├── serve-static@1.14.1
38 silly idealTree:prePrune ├─┬ set-value@2.0.1
38 silly idealTree:prePrune │ └── extend-shallow@2.0.1
38 silly idealTree:prePrune ├── setprototypeof@1.1.1
38 silly idealTree:prePrune ├── shebang-command@1.2.0
38 silly idealTree:prePrune ├── shebang-regex@1.0.0
38 silly idealTree:prePrune ├── signal-exit@3.0.2
38 silly idealTree:prePrune ├─┬ snapdragon-node@2.1.1
38 silly idealTree:prePrune │ ├── define-property@1.0.0
38 silly idealTree:prePrune │ ├── is-accessor-descriptor@1.0.0
38 silly idealTree:prePrune │ ├── is-data-descriptor@1.0.0
38 silly idealTree:prePrune │ └── is-descriptor@1.0.2
38 silly idealTree:prePrune ├─┬ snapdragon-util@3.0.1
38 silly idealTree:prePrune │ └── kind-of@3.2.2
38 silly idealTree:prePrune ├─┬ snapdragon@0.8.2
38 silly idealTree:prePrune │ ├── define-property@0.2.5
38 silly idealTree:prePrune │ ├── extend-shallow@2.0.1
38 silly idealTree:prePrune │ └── source-map@0.5.7
38 silly idealTree:prePrune ├── source-map-resolve@0.5.3
38 silly idealTree:prePrune ├── source-map-support@0.5.16
38 silly idealTree:prePrune ├── source-map-url@0.4.0
38 silly idealTree:prePrune ├── source-map@0.6.1
38 silly idealTree:prePrune ├── split-string@3.1.0
38 silly idealTree:prePrune ├── sqlstring@2.3.2
38 silly idealTree:prePrune ├─┬ static-extend@0.1.2
38 silly idealTree:prePrune │ └── define-property@0.2.5
38 silly idealTree:prePrune ├── statuses@1.5.0
38 silly idealTree:prePrune ├── streamsearch@0.1.2
38 silly idealTree:prePrune ├── string-template@1.0.0
38 silly idealTree:prePrune ├─┬ string-width@2.1.1
38 silly idealTree:prePrune │ ├── ansi-regex@3.0.0
38 silly idealTree:prePrune │ └── strip-ansi@4.0.0
38 silly idealTree:prePrune ├── strip-eof@1.0.0
38 silly idealTree:prePrune ├── strip-json-comments@2.0.1
38 silly idealTree:prePrune ├── supports-color@5.5.0
38 silly idealTree:prePrune ├── term-size@1.2.0
38 silly idealTree:prePrune ├── timed-out@4.0.1
38 silly idealTree:prePrune ├─┬ to-object-path@0.3.0
38 silly idealTree:prePrune │ └── kind-of@3.2.2
38 silly idealTree:prePrune ├── to-regex-range@2.1.1
38 silly idealTree:prePrune ├── to-regex@3.0.2
38 silly idealTree:prePrune ├── toidentifier@1.0.0
38 silly idealTree:prePrune ├── touch@3.1.0
38 silly idealTree:prePrune ├── tslib@1.11.1
38 silly idealTree:prePrune ├── type-check@0.3.2
38 silly idealTree:prePrune ├── type-is@1.6.18
38 silly idealTree:prePrune ├── undefsafe@2.0.3
38 silly idealTree:prePrune ├── union-value@1.0.1
38 silly idealTree:prePrune ├── unique-string@1.0.0
38 silly idealTree:prePrune ├── unpipe@1.0.0
38 silly idealTree:prePrune ├─┬ unset-value@1.0.0
38 silly idealTree:prePrune │ ├─┬ has-value@0.3.1
38 silly idealTree:prePrune │ │ └── isobject@2.1.0
38 silly idealTree:prePrune │ ├── has-values@0.1.4
38 silly idealTree:prePrune │ └── isarray@1.0.0
38 silly idealTree:prePrune ├── unzip-response@2.0.1
38 silly idealTree:prePrune ├── upath@1.2.0
38 silly idealTree:prePrune ├── update-notifier@2.5.0
38 silly idealTree:prePrune ├── urix@0.1.0
38 silly idealTree:prePrune ├── url-parse-lax@1.0.0
38 silly idealTree:prePrune ├── use@3.1.1
38 silly idealTree:prePrune ├── util-deprecate@1.0.2
38 silly idealTree:prePrune ├── utils-merge@1.0.1
38 silly idealTree:prePrune ├── validator@12.0.0
38 silly idealTree:prePrune ├── vary@1.1.2
38 silly idealTree:prePrune ├── which@1.3.1
38 silly idealTree:prePrune ├── widest-line@2.0.1
38 silly idealTree:prePrune ├── word-wrap@1.2.3
38 silly idealTree:prePrune ├── write-file-atomic@2.4.3
38 silly idealTree:prePrune ├── xdg-basedir@3.0.0
38 silly idealTree:prePrune └── yallist@2.1.2
39 silly loadIdealTree Finishing
40 silly currentTree a3@1.0.0
40 silly currentTree ├── @gradecam/tsenum@1.2.0
40 silly currentTree ├─┬ @nuxtjs/opencollective@0.2.2
40 silly currentTree │ └── chalk@2.4.2
40 silly currentTree ├── @types/color-name@1.1.1
40 silly currentTree ├── @types/minimatch@3.0.3
40 silly currentTree ├── @types/validator@10.11.3
40 silly currentTree ├── abbrev@1.1.1
40 silly currentTree ├── accepts@1.3.7
40 silly currentTree ├── acorn-import-meta@1.0.0
40 silly currentTree ├── acorn@7.1.1
40 silly currentTree ├── ansi-align@2.0.0
40 silly currentTree ├── ansi-styles@3.2.1
40 silly currentTree ├── ansicolors@0.3.2
40 silly currentTree ├─┬ anymatch@2.0.0
40 silly currentTree │ └── normalize-path@2.1.1
40 silly currentTree ├── arr-diff@4.0.0
40 silly currentTree ├── arr-flatten@1.1.0
40 silly currentTree ├── arr-union@3.1.0
40 silly currentTree ├── array-differ@3.0.0
40 silly currentTree ├── array-flatten@1.1.1
40 silly currentTree ├── array-union@2.1.0
40 silly currentTree ├── array-unique@0.3.2
40 silly currentTree ├── arrify@2.0.1
40 silly currentTree ├── assign-symbols@1.0.0
40 silly currentTree ├── async-each@1.0.3
40 silly currentTree ├── atob@2.1.2
40 silly currentTree ├── balanced-match@1.0.0
40 silly currentTree ├─┬ base@0.11.2
40 silly currentTree │ ├── define-property@1.0.0
40 silly currentTree │ ├── is-accessor-descriptor@1.0.0
40 silly currentTree │ ├── is-data-descriptor@1.0.0
40 silly currentTree │ └── is-descriptor@1.0.2
40 silly currentTree ├── binary-extensions@1.13.1
40 silly currentTree ├── bindings@1.5.0
40 silly currentTree ├── body-parser@1.19.0
40 silly currentTree ├── boxen@1.3.0
40 silly currentTree ├── brace-expansion@1.1.11
40 silly currentTree ├─┬ braces@2.3.2
40 silly currentTree │ └── extend-shallow@2.0.1
40 silly currentTree ├── buffer-from@1.1.1
40 silly currentTree ├── busboy@0.3.1
40 silly currentTree ├── bytes@3.1.0
40 silly currentTree ├── cache-base@1.0.1
40 silly currentTree ├── camelcase@4.1.0
40 silly currentTree ├── capture-stack-trace@1.0.1
40 silly currentTree ├── cardinal@2.1.1
40 silly currentTree ├── chalk@2.3.1
40 silly currentTree ├── chance@1.1.4
40 silly currentTree ├── charenc@0.0.2
40 silly currentTree ├── chokidar@2.1.8
40 silly currentTree ├── ci-info@1.6.0
40 silly currentTree ├─┬ class-utils@0.3.6
40 silly currentTree │ └── define-property@0.2.5
40 silly currentTree ├── class-validator@0.11.1
40 silly currentTree ├── cli-boxes@1.0.0
40 silly currentTree ├── collection-visit@1.0.0
40 silly currentTree ├── color-convert@1.9.3
40 silly currentTree ├── color-name@1.1.3
40 silly currentTree ├── commander@5.0.0
40 silly currentTree ├── component-emitter@1.3.0
40 silly currentTree ├── concat-map@0.0.1
40 silly currentTree ├── configstore@3.1.2
40 silly currentTree ├── consola@2.11.3
40 silly currentTree ├── content-disposition@0.5.3
40 silly currentTree ├── content-type@1.0.4
40 silly currentTree ├── cookie-signature@1.0.6
40 silly currentTree ├── cookie@0.4.0
40 silly currentTree ├── copy-descriptor@0.1.1
40 silly currentTree ├── core-util-is@1.0.2
40 silly currentTree ├── create-error-class@3.0.2
40 silly currentTree ├── cross-spawn@5.1.0
40 silly currentTree ├── crypt@0.0.2
40 silly currentTree ├── crypto-random-string@1.0.0
40 silly currentTree ├── debug@2.6.9
40 silly currentTree ├── decode-uri-component@0.2.0
40 silly currentTree ├── deep-extend@0.6.0
40 silly currentTree ├── deep-is@0.1.3
40 silly currentTree ├─┬ define-property@2.0.2
40 silly currentTree │ ├── is-accessor-descriptor@1.0.0
40 silly currentTree │ ├── is-data-descriptor@1.0.0
40 silly currentTree │ └── is-descriptor@1.0.2
40 silly currentTree ├── denque@1.4.1
40 silly currentTree ├── depd@1.1.2
40 silly currentTree ├── destroy@1.0.4
40 silly currentTree ├── dicer@0.3.0
40 silly currentTree ├── dot-prop@4.2.0
40 silly currentTree ├── duplexer3@0.1.4
40 silly currentTree ├── ee-first@1.1.1
40 silly currentTree ├── encodeurl@1.0.2
40 silly currentTree ├── escape-html@1.0.3
40 silly currentTree ├── escape-string-regexp@1.0.5
40 silly currentTree ├─┬ escodegen@1.14.1
40 silly currentTree │ ├── esprima@4.0.1
40 silly currentTree │ └── estraverse@4.3.0
40 silly currentTree ├─┬ eslint-scope@5.0.0
40 silly currentTree │ └── estraverse@4.3.0
40 silly currentTree ├── esprima@4.0.1
40 silly currentTree ├─┬ esrecurse@4.2.1
40 silly currentTree │ └── estraverse@4.3.0
40 silly currentTree ├── estraverse@5.0.0
40 silly currentTree ├── esutils@2.0.3
40 silly currentTree ├── etag@1.8.1
40 silly currentTree ├── eventemitter3@4.0.0
40 silly currentTree ├── execa@0.7.0
40 silly currentTree ├─┬ expand-brackets@2.1.4
40 silly currentTree │ ├── define-property@0.2.5
40 silly currentTree │ └── extend-shallow@2.0.1
40 silly currentTree ├── express-fileupload@1.1.6
40 silly currentTree ├── express@4.17.1
40 silly currentTree ├─┬ extend-shallow@3.0.2
40 silly currentTree │ └── is-extendable@1.0.1
40 silly currentTree ├─┬ extglob@2.0.4
40 silly currentTree │ ├── define-property@1.0.0
40 silly currentTree │ ├── extend-shallow@2.0.1
40 silly currentTree │ ├── is-accessor-descriptor@1.0.0
40 silly currentTree │ ├── is-data-descriptor@1.0.0
40 silly currentTree │ └── is-descriptor@1.0.2
40 silly currentTree ├── fast-deep-equal@3.1.1
40 silly currentTree ├── fast-levenshtein@2.0.6
40 silly currentTree ├─┬ ffi-napi@2.4.6
40 silly currentTree │ ├── debug@3.2.6
40 silly currentTree │ └── ms@2.1.2
40 silly currentTree ├── file-uri-to-path@1.0.0
40 silly currentTree ├─┬ fill-range@4.0.0
40 silly currentTree │ └── extend-shallow@2.0.1
40 silly currentTree ├── finalhandler@1.1.2
40 silly currentTree ├── for-in@1.0.2
40 silly currentTree ├── forwarded@0.1.2
40 silly currentTree ├── fragment-cache@0.2.1
40 silly currentTree ├── fresh@0.5.2
40 silly currentTree ├── generate-function@2.3.1
40 silly currentTree ├── get-stream@3.0.0
40 silly currentTree ├── get-symbol-from-current-process-h@1.0.2
40 silly currentTree ├── get-uv-event-loop-napi-h@1.0.6
40 silly currentTree ├── get-value@2.0.6
40 silly currentTree ├─┬ glob-parent@3.1.0
40 silly currentTree │ └── is-glob@3.1.0
40 silly currentTree ├── global-dirs@0.1.1
40 silly currentTree ├── google-libphonenumber@3.2.8
40 silly currentTree ├── got@6.7.1
40 silly currentTree ├── graceful-fs@4.2.3
40 silly currentTree ├── has-flag@3.0.0
40 silly currentTree ├── has-value@1.0.0
40 silly currentTree ├─┬ has-values@1.0.0
40 silly currentTree │ └── kind-of@4.0.0
40 silly currentTree ├── http-errors@1.7.2
40 silly currentTree ├── http@0.0.0
40 silly currentTree ├── iconv-lite@0.4.24
40 silly currentTree ├── ignore-by-default@1.0.1
40 silly currentTree ├── import-lazy@2.1.0
40 silly currentTree ├── imurmurhash@0.1.4
40 silly currentTree ├── inherits@2.0.3
40 silly currentTree ├── ini@1.3.5
40 silly currentTree ├── inversify@5.0.1
40 silly currentTree ├── ipaddr.js@1.9.1
40 silly currentTree ├─┬ is-accessor-descriptor@0.1.6
40 silly currentTree │ └── kind-of@3.2.2
40 silly currentTree ├── is-binary-path@1.0.1
40 silly currentTree ├── is-buffer@1.1.6
40 silly currentTree ├── is-ci@1.2.1
40 silly currentTree ├─┬ is-data-descriptor@0.1.4
40 silly currentTree │ └── kind-of@3.2.2
40 silly currentTree ├─┬ is-descriptor@0.1.6
40 silly currentTree │ └── kind-of@5.1.0
40 silly currentTree ├── is-extendable@0.1.1
40 silly currentTree ├── is-extglob@2.1.1
40 silly currentTree ├── is-fullwidth-code-point@2.0.0
40 silly currentTree ├── is-glob@4.0.1
40 silly currentTree ├── is-installed-globally@0.1.0
40 silly currentTree ├── is-npm@1.0.0
40 silly currentTree ├─┬ is-number@3.0.0
40 silly currentTree │ └── kind-of@3.2.2
40 silly currentTree ├── is-obj@1.0.1
40 silly currentTree ├── is-path-inside@1.0.1
40 silly currentTree ├── is-plain-object@2.0.4
40 silly currentTree ├── is-property@1.0.2
40 silly currentTree ├── is-redirect@1.0.0
40 silly currentTree ├── is-retry-allowed@1.2.0
40 silly currentTree ├── is-stream@1.1.0
40 silly currentTree ├── is-windows@1.0.2
40 silly currentTree ├── isexe@2.0.0
40 silly currentTree ├── isobject@3.0.1
40 silly currentTree ├─┬ javascript-obfuscator@0.27.4
40 silly currentTree │ ├── ansi-styles@4.2.1
40 silly currentTree │ ├── chalk@4.0.0
40 silly currentTree │ ├── color-convert@2.0.1
40 silly currentTree │ ├── color-name@1.1.4
40 silly currentTree │ ├── has-flag@4.0.0
40 silly currentTree │ └── supports-color@7.1.0
40 silly currentTree ├── js-string-escape@1.0.1
40 silly currentTree ├── kind-of@6.0.3
40 silly currentTree ├── latest-version@3.1.0
40 silly currentTree ├── levn@0.3.0
40 silly currentTree ├── long@4.0.0
40 silly currentTree ├── lowercase-keys@1.0.1
40 silly currentTree ├── lru-cache@4.1.5
40 silly currentTree ├── make-dir@1.3.0
40 silly currentTree ├── map-cache@0.2.2
40 silly currentTree ├── map-visit@1.0.0
40 silly currentTree ├── md5@2.2.1
40 silly currentTree ├── media-typer@0.3.0
40 silly currentTree ├── merge-descriptors@1.0.1
40 silly currentTree ├── methods@1.1.2
40 silly currentTree ├── micromatch@3.1.10
40 silly currentTree ├── mime-db@1.43.0
40 silly currentTree ├── mime-types@2.1.26
40 silly currentTree ├── mime@1.6.0
40 silly currentTree ├── minimatch@3.0.4
40 silly currentTree ├── minimist@1.2.5
40 silly currentTree ├─┬ mixin-deep@1.3.2
40 silly currentTree │ └── is-extendable@1.0.1
40 silly currentTree ├── mkdirp@1.0.4
40 silly currentTree ├── ms@2.0.0
40 silly currentTree ├── multimatch@4.0.0
40 silly currentTree ├─┬ mysql2@2.1.0
40 silly currentTree │ ├── iconv-lite@0.5.2
40 silly currentTree │ ├── lru-cache@5.1.1
40 silly currentTree │ └── yallist@3.1.1
40 silly currentTree ├── named-placeholders@1.1.2
40 silly currentTree ├── nanomatch@1.2.13
40 silly currentTree ├── negotiator@0.6.2
40 silly currentTree ├── node-addon-api@1.6.1
40 silly currentTree ├── node-fetch@2.6.0
40 silly currentTree ├─┬ nodemon@1.19.4
40 silly currentTree │ ├── debug@3.2.6
40 silly currentTree │ └── ms@2.1.2
40 silly currentTree ├── nopt@1.0.10
40 silly currentTree ├── normalize-path@3.0.0
40 silly currentTree ├── npm-run-path@2.0.2
40 silly currentTree ├─┬ object-copy@0.1.0
40 silly currentTree │ ├── define-property@0.2.5
40 silly currentTree │ └── kind-of@3.2.2
40 silly currentTree ├── object-visit@1.0.1
40 silly currentTree ├── object.pick@1.3.0
40 silly currentTree ├── on-finished@2.3.0
40 silly currentTree ├── optionator@0.8.3
40 silly currentTree ├── p-finally@1.0.0
40 silly currentTree ├── package-json@4.0.1
40 silly currentTree ├── parseurl@1.3.3
40 silly currentTree ├── pascalcase@0.1.1
40 silly currentTree ├── path-dirname@1.0.2
40 silly currentTree ├── path-is-absolute@1.0.1
40 silly currentTree ├── path-is-inside@1.0.2
40 silly currentTree ├── path-key@2.0.1
40 silly currentTree ├── path-to-regexp@0.1.7
40 silly currentTree ├── pify@3.0.0
40 silly currentTree ├── posix-character-classes@0.1.1
40 silly currentTree ├── prelude-ls@1.1.2
40 silly currentTree ├── prepend-http@1.0.4
40 silly currentTree ├── process-nextick-args@2.0.1
40 silly currentTree ├── proxy-addr@2.0.6
40 silly currentTree ├── pseudomap@1.0.2
40 silly currentTree ├── pstree.remy@1.1.7
40 silly currentTree ├── qs@6.7.0
40 silly currentTree ├── range-parser@1.2.1
40 silly currentTree ├── raw-body@2.4.0
40 silly currentTree ├── rc@1.2.8
40 silly currentTree ├─┬ readdirp@2.2.1
40 silly currentTree │ ├── isarray@1.0.0
40 silly currentTree │ ├── readable-stream@2.3.7
40 silly currentTree │ └── string_decoder@1.1.1
40 silly currentTree ├── redeyed@2.1.1
40 silly currentTree ├─┬ ref-napi@1.4.3
40 silly currentTree │ ├── debug@3.2.6
40 silly currentTree │ ├── ms@2.1.2
40 silly currentTree │ └── node-addon-api@2.0.0
40 silly currentTree ├─┬ ref-struct-di@1.1.0
40 silly currentTree │ ├── debug@3.2.6
40 silly currentTree │ └── ms@2.1.2
40 silly currentTree ├── reflect-metadata@0.1.13
40 silly currentTree ├── regex-not@1.0.2
40 silly currentTree ├── registry-auth-token@3.4.0
40 silly currentTree ├── registry-url@3.1.0
40 silly currentTree ├── remove-trailing-separator@1.1.0
40 silly currentTree ├── repeat-element@1.1.3
40 silly currentTree ├── repeat-string@1.6.1
40 silly currentTree ├── resolve-url@0.2.1
40 silly currentTree ├── ret@0.1.15
40 silly currentTree ├── safe-buffer@5.1.2
40 silly currentTree ├── safe-regex@1.1.0
40 silly currentTree ├── safer-buffer@2.1.2
40 silly currentTree ├── semver-diff@2.1.0
40 silly currentTree ├── semver@5.7.1
40 silly currentTree ├─┬ send@0.17.1
40 silly currentTree │ └── ms@2.1.1
40 silly currentTree ├── seq-queue@0.0.5
40 silly currentTree ├── serve-static@1.14.1
40 silly currentTree ├─┬ set-value@2.0.1
40 silly currentTree │ └── extend-shallow@2.0.1
40 silly currentTree ├── setprototypeof@1.1.1
40 silly currentTree ├── shebang-command@1.2.0
40 silly currentTree ├── shebang-regex@1.0.0
40 silly currentTree ├── signal-exit@3.0.2
40 silly currentTree ├─┬ snapdragon-node@2.1.1
40 silly currentTree │ ├── define-property@1.0.0
40 silly currentTree │ ├── is-accessor-descriptor@1.0.0
40 silly currentTree │ ├── is-data-descriptor@1.0.0
40 silly currentTree │ └── is-descriptor@1.0.2
40 silly currentTree ├─┬ snapdragon-util@3.0.1
40 silly currentTree │ └── kind-of@3.2.2
40 silly currentTree ├─┬ snapdragon@0.8.2
40 silly currentTree │ ├── define-property@0.2.5
40 silly currentTree │ ├── extend-shallow@2.0.1
40 silly currentTree │ └── source-map@0.5.7
40 silly currentTree ├── source-map-resolve@0.5.3
40 silly currentTree ├── source-map-support@0.5.16
40 silly currentTree ├── source-map-url@0.4.0
40 silly currentTree ├── source-map@0.6.1
40 silly currentTree ├── split-string@3.1.0
40 silly currentTree ├── sqlstring@2.3.2
40 silly currentTree ├─┬ static-extend@0.1.2
40 silly currentTree │ └── define-property@0.2.5
40 silly currentTree ├── statuses@1.5.0
40 silly currentTree ├── streamsearch@0.1.2
40 silly currentTree ├── string-template@1.0.0
40 silly currentTree ├─┬ string-width@2.1.1
40 silly currentTree │ ├── ansi-regex@3.0.0
40 silly currentTree │ └── strip-ansi@4.0.0
40 silly currentTree ├── strip-eof@1.0.0
40 silly currentTree ├── strip-json-comments@2.0.1
40 silly currentTree ├── supports-color@5.5.0
40 silly currentTree ├── term-size@1.2.0
40 silly currentTree ├── timed-out@4.0.1
40 silly currentTree ├─┬ to-object-path@0.3.0
40 silly currentTree │ └── kind-of@3.2.2
40 silly currentTree ├── to-regex-range@2.1.1
40 silly currentTree ├── to-regex@3.0.2
40 silly currentTree ├── toidentifier@1.0.0
40 silly currentTree ├── touch@3.1.0
40 silly currentTree ├── tslib@1.11.1
40 silly currentTree ├── type-check@0.3.2
40 silly currentTree ├── type-is@1.6.18
40 silly currentTree ├── undefsafe@2.0.3
40 silly currentTree ├── union-value@1.0.1
40 silly currentTree ├── unique-string@1.0.0
40 silly currentTree ├── unpipe@1.0.0
40 silly currentTree ├─┬ unset-value@1.0.0
40 silly currentTree │ ├─┬ has-value@0.3.1
40 silly currentTree │ │ └── isobject@2.1.0
40 silly currentTree │ ├── has-values@0.1.4
40 silly currentTree │ └── isarray@1.0.0
40 silly currentTree ├── unzip-response@2.0.1
40 silly currentTree ├── upath@1.2.0
40 silly currentTree ├── update-notifier@2.5.0
40 silly currentTree ├── urix@0.1.0
40 silly currentTree ├── url-parse-lax@1.0.0
40 silly currentTree ├── use@3.1.1
40 silly currentTree ├── util-deprecate@1.0.2
40 silly currentTree ├── utils-merge@1.0.1
40 silly currentTree ├── validator@12.0.0
40 silly currentTree ├── vary@1.1.2
40 silly currentTree ├── which@1.3.1
40 silly currentTree ├── widest-line@2.0.1
40 silly currentTree ├── word-wrap@1.2.3
40 silly currentTree ├── write-file-atomic@2.4.3
40 silly currentTree ├── xdg-basedir@3.0.0
40 silly currentTree └── yallist@2.1.2
41 silly idealTree a3@1.0.0
41 silly idealTree ├── @gradecam/tsenum@1.2.0
41 silly idealTree ├─┬ @nuxtjs/opencollective@0.2.2
41 silly idealTree │ └── chalk@2.4.2
41 silly idealTree ├── @types/color-name@1.1.1
41 silly idealTree ├── @types/minimatch@3.0.3
41 silly idealTree ├── @types/validator@10.11.3
41 silly idealTree ├── abbrev@1.1.1
41 silly idealTree ├── accepts@1.3.7
41 silly idealTree ├── acorn-import-meta@1.0.0
41 silly idealTree ├── acorn@7.1.1
41 silly idealTree ├── ansi-align@2.0.0
41 silly idealTree ├── ansi-styles@3.2.1
41 silly idealTree ├── ansicolors@0.3.2
41 silly idealTree ├─┬ anymatch@2.0.0
41 silly idealTree │ └── normalize-path@2.1.1
41 silly idealTree ├── arr-diff@4.0.0
41 silly idealTree ├── arr-flatten@1.1.0
41 silly idealTree ├── arr-union@3.1.0
41 silly idealTree ├── array-differ@3.0.0
41 silly idealTree ├── array-flatten@1.1.1
41 silly idealTree ├── array-union@2.1.0
41 silly idealTree ├── array-unique@0.3.2
41 silly idealTree ├── arrify@2.0.1
41 silly idealTree ├── assign-symbols@1.0.0
41 silly idealTree ├── async-each@1.0.3
41 silly idealTree ├── atob@2.1.2
41 silly idealTree ├── balanced-match@1.0.0
41 silly idealTree ├─┬ base@0.11.2
41 silly idealTree │ ├── define-property@1.0.0
41 silly idealTree │ ├── is-accessor-descriptor@1.0.0
41 silly idealTree │ ├── is-data-descriptor@1.0.0
41 silly idealTree │ └── is-descriptor@1.0.2
41 silly idealTree ├── binary-extensions@1.13.1
41 silly idealTree ├── bindings@1.5.0
41 silly idealTree ├── body-parser@1.19.0
41 silly idealTree ├── boxen@1.3.0
41 silly idealTree ├── brace-expansion@1.1.11
41 silly idealTree ├─┬ braces@2.3.2
41 silly idealTree │ └── extend-shallow@2.0.1
41 silly idealTree ├── buffer-from@1.1.1
41 silly idealTree ├── busboy@0.3.1
41 silly idealTree ├── bytes@3.1.0
41 silly idealTree ├── cache-base@1.0.1
41 silly idealTree ├── camelcase@4.1.0
41 silly idealTree ├── capture-stack-trace@1.0.1
41 silly idealTree ├── cardinal@2.1.1
41 silly idealTree ├── chalk@2.3.1
41 silly idealTree ├── chance@1.1.4
41 silly idealTree ├── charenc@0.0.2
41 silly idealTree ├── chokidar@2.1.8
41 silly idealTree ├── ci-info@1.6.0
41 silly idealTree ├─┬ class-utils@0.3.6
41 silly idealTree │ └── define-property@0.2.5
41 silly idealTree ├── class-validator@0.11.1
41 silly idealTree ├── cli-boxes@1.0.0
41 silly idealTree ├── collection-visit@1.0.0
41 silly idealTree ├── color-convert@1.9.3
41 silly idealTree ├── color-name@1.1.3
41 silly idealTree ├── commander@5.0.0
41 silly idealTree ├── component-emitter@1.3.0
41 silly idealTree ├── concat-map@0.0.1
41 silly idealTree ├── configstore@3.1.2
41 silly idealTree ├── consola@2.11.3
41 silly idealTree ├── content-disposition@0.5.3
41 silly idealTree ├── content-type@1.0.4
41 silly idealTree ├── cookie-signature@1.0.6
41 silly idealTree ├── cookie@0.4.0
41 silly idealTree ├── copy-descriptor@0.1.1
41 silly idealTree ├── core-util-is@1.0.2
41 silly idealTree ├── create-error-class@3.0.2
41 silly idealTree ├── cross-spawn@5.1.0
41 silly idealTree ├── crypt@0.0.2
41 silly idealTree ├── crypto-random-string@1.0.0
41 silly idealTree ├── debug@2.6.9
41 silly idealTree ├── decode-uri-component@0.2.0
41 silly idealTree ├── deep-extend@0.6.0
41 silly idealTree ├── deep-is@0.1.3
41 silly idealTree ├─┬ define-property@2.0.2
41 silly idealTree │ ├── is-accessor-descriptor@1.0.0
41 silly idealTree │ ├── is-data-descriptor@1.0.0
41 silly idealTree │ └── is-descriptor@1.0.2
41 silly idealTree ├── denque@1.4.1
41 silly idealTree ├── depd@1.1.2
41 silly idealTree ├── destroy@1.0.4
41 silly idealTree ├── dicer@0.3.0
41 silly idealTree ├── dot-prop@4.2.0
41 silly idealTree ├── duplexer3@0.1.4
41 silly idealTree ├── ee-first@1.1.1
41 silly idealTree ├── encodeurl@1.0.2
41 silly idealTree ├── escape-html@1.0.3
41 silly idealTree ├── escape-string-regexp@1.0.5
41 silly idealTree ├─┬ escodegen@1.14.1
41 silly idealTree │ ├── esprima@4.0.1
41 silly idealTree │ └── estraverse@4.3.0
41 silly idealTree ├─┬ eslint-scope@5.0.0
41 silly idealTree │ └── estraverse@4.3.0
41 silly idealTree ├── esprima@4.0.1
41 silly idealTree ├─┬ esrecurse@4.2.1
41 silly idealTree │ └── estraverse@4.3.0
41 silly idealTree ├── estraverse@5.0.0
41 silly idealTree ├── esutils@2.0.3
41 silly idealTree ├── etag@1.8.1
41 silly idealTree ├── eventemitter3@4.0.0
41 silly idealTree ├── execa@0.7.0
41 silly idealTree ├─┬ expand-brackets@2.1.4
41 silly idealTree │ ├── define-property@0.2.5
41 silly idealTree │ └── extend-shallow@2.0.1
41 silly idealTree ├── express-fileupload@1.1.6
41 silly idealTree ├── express@4.17.1
41 silly idealTree ├─┬ extend-shallow@3.0.2
41 silly idealTree │ └── is-extendable@1.0.1
41 silly idealTree ├─┬ extglob@2.0.4
41 silly idealTree │ ├── define-property@1.0.0
41 silly idealTree │ ├── extend-shallow@2.0.1
41 silly idealTree │ ├── is-accessor-descriptor@1.0.0
41 silly idealTree │ ├── is-data-descriptor@1.0.0
41 silly idealTree │ └── is-descriptor@1.0.2
41 silly idealTree ├── fast-deep-equal@3.1.1
41 silly idealTree ├── fast-levenshtein@2.0.6
41 silly idealTree ├─┬ ffi-napi@2.4.6
41 silly idealTree │ ├── debug@3.2.6
41 silly idealTree │ └── ms@2.1.2
41 silly idealTree ├── file-uri-to-path@1.0.0
41 silly idealTree ├─┬ fill-range@4.0.0
41 silly idealTree │ └── extend-shallow@2.0.1
41 silly idealTree ├── finalhandler@1.1.2
41 silly idealTree ├── for-in@1.0.2
41 silly idealTree ├── forwarded@0.1.2
41 silly idealTree ├── fragment-cache@0.2.1
41 silly idealTree ├── fresh@0.5.2
41 silly idealTree ├── generate-function@2.3.1
41 silly idealTree ├── get-stream@3.0.0
41 silly idealTree ├── get-symbol-from-current-process-h@1.0.2
41 silly idealTree ├── get-uv-event-loop-napi-h@1.0.6
41 silly idealTree ├── get-value@2.0.6
41 silly idealTree ├─┬ glob-parent@3.1.0
41 silly idealTree │ └── is-glob@3.1.0
41 silly idealTree ├── global-dirs@0.1.1
41 silly idealTree ├── google-libphonenumber@3.2.8
41 silly idealTree ├── got@6.7.1
41 silly idealTree ├── graceful-fs@4.2.3
41 silly idealTree ├── has-flag@3.0.0
41 silly idealTree ├── has-value@1.0.0
41 silly idealTree ├─┬ has-values@1.0.0
41 silly idealTree │ └── kind-of@4.0.0
41 silly idealTree ├── http-errors@1.7.2
41 silly idealTree ├── http@0.0.0
41 silly idealTree ├── iconv-lite@0.4.24
41 silly idealTree ├── ignore-by-default@1.0.1
41 silly idealTree ├── import-lazy@2.1.0
41 silly idealTree ├── imurmurhash@0.1.4
41 silly idealTree ├── inherits@2.0.3
41 silly idealTree ├── ini@1.3.5
41 silly idealTree ├── inversify@5.0.1
41 silly idealTree ├── ipaddr.js@1.9.1
41 silly idealTree ├─┬ is-accessor-descriptor@0.1.6
41 silly idealTree │ └── kind-of@3.2.2
41 silly idealTree ├── is-binary-path@1.0.1
41 silly idealTree ├── is-buffer@1.1.6
41 silly idealTree ├── is-ci@1.2.1
41 silly idealTree ├─┬ is-data-descriptor@0.1.4
41 silly idealTree │ └── kind-of@3.2.2
41 silly idealTree ├─┬ is-descriptor@0.1.6
41 silly idealTree │ └── kind-of@5.1.0
41 silly idealTree ├── is-extendable@0.1.1
41 silly idealTree ├── is-extglob@2.1.1
41 silly idealTree ├── is-fullwidth-code-point@2.0.0
41 silly idealTree ├── is-glob@4.0.1
41 silly idealTree ├── is-installed-globally@0.1.0
41 silly idealTree ├── is-npm@1.0.0
41 silly idealTree ├─┬ is-number@3.0.0
41 silly idealTree │ └── kind-of@3.2.2
41 silly idealTree ├── is-obj@1.0.1
41 silly idealTree ├── is-path-inside@1.0.1
41 silly idealTree ├── is-plain-object@2.0.4
41 silly idealTree ├── is-property@1.0.2
41 silly idealTree ├── is-redirect@1.0.0
41 silly idealTree ├── is-retry-allowed@1.2.0
41 silly idealTree ├── is-stream@1.1.0
41 silly idealTree ├── is-windows@1.0.2
41 silly idealTree ├── isexe@2.0.0
41 silly idealTree ├── isobject@3.0.1
41 silly idealTree ├─┬ javascript-obfuscator@0.27.4
41 silly idealTree │ ├── ansi-styles@4.2.1
41 silly idealTree │ ├── chalk@4.0.0
41 silly idealTree │ ├── color-convert@2.0.1
41 silly idealTree │ ├── color-name@1.1.4
41 silly idealTree │ ├── has-flag@4.0.0
41 silly idealTree │ └── supports-color@7.1.0
41 silly idealTree ├── js-string-escape@1.0.1
41 silly idealTree ├── kind-of@6.0.3
41 silly idealTree ├── latest-version@3.1.0
41 silly idealTree ├── levn@0.3.0
41 silly idealTree ├── long@4.0.0
41 silly idealTree ├── lowercase-keys@1.0.1
41 silly idealTree ├── lru-cache@4.1.5
41 silly idealTree ├── make-dir@1.3.0
41 silly idealTree ├── map-cache@0.2.2
41 silly idealTree ├── map-visit@1.0.0
41 silly idealTree ├── md5@2.2.1
41 silly idealTree ├── media-typer@0.3.0
41 silly idealTree ├── merge-descriptors@1.0.1
41 silly idealTree ├── methods@1.1.2
41 silly idealTree ├── micromatch@3.1.10
41 silly idealTree ├── mime-db@1.43.0
41 silly idealTree ├── mime-types@2.1.26
41 silly idealTree ├── mime@1.6.0
41 silly idealTree ├── minimatch@3.0.4
41 silly idealTree ├── minimist@1.2.5
41 silly idealTree ├─┬ mixin-deep@1.3.2
41 silly idealTree │ └── is-extendable@1.0.1
41 silly idealTree ├── mkdirp@1.0.4
41 silly idealTree ├── ms@2.0.0
41 silly idealTree ├── multimatch@4.0.0
41 silly idealTree ├─┬ mysql2@2.1.0
41 silly idealTree │ ├── iconv-lite@0.5.2
41 silly idealTree │ ├── lru-cache@5.1.1
41 silly idealTree │ └── yallist@3.1.1
41 silly idealTree ├── named-placeholders@1.1.2
41 silly idealTree ├── nanomatch@1.2.13
41 silly idealTree ├── negotiator@0.6.2
41 silly idealTree ├── node-addon-api@1.6.1
41 silly idealTree ├── node-fetch@2.6.0
41 silly idealTree ├─┬ nodemon@1.19.4
41 silly idealTree │ ├── debug@3.2.6
41 silly idealTree │ └── ms@2.1.2
41 silly idealTree ├── nopt@1.0.10
41 silly idealTree ├── normalize-path@3.0.0
41 silly idealTree ├── npm-run-path@2.0.2
41 silly idealTree ├─┬ object-copy@0.1.0
41 silly idealTree │ ├── define-property@0.2.5
41 silly idealTree │ └── kind-of@3.2.2
41 silly idealTree ├── object-visit@1.0.1
41 silly idealTree ├── object.pick@1.3.0
41 silly idealTree ├── on-finished@2.3.0
41 silly idealTree ├── optionator@0.8.3
41 silly idealTree ├── p-finally@1.0.0
41 silly idealTree ├── package-json@4.0.1
41 silly idealTree ├── parseurl@1.3.3
41 silly idealTree ├── pascalcase@0.1.1
41 silly idealTree ├── path-dirname@1.0.2
41 silly idealTree ├── path-is-absolute@1.0.1
41 silly idealTree ├── path-is-inside@1.0.2
41 silly idealTree ├── path-key@2.0.1
41 silly idealTree ├── path-to-regexp@0.1.7
41 silly idealTree ├── pify@3.0.0
41 silly idealTree ├── posix-character-classes@0.1.1
41 silly idealTree ├── prelude-ls@1.1.2
41 silly idealTree ├── prepend-http@1.0.4
41 silly idealTree ├── process-nextick-args@2.0.1
41 silly idealTree ├── proxy-addr@2.0.6
41 silly idealTree ├── pseudomap@1.0.2
41 silly idealTree ├── pstree.remy@1.1.7
41 silly idealTree ├── qs@6.7.0
41 silly idealTree ├── range-parser@1.2.1
41 silly idealTree ├── raw-body@2.4.0
41 silly idealTree ├── rc@1.2.8
41 silly idealTree ├─┬ readdirp@2.2.1
41 silly idealTree │ ├── isarray@1.0.0
41 silly idealTree │ ├── readable-stream@2.3.7
41 silly idealTree │ └── string_decoder@1.1.1
41 silly idealTree ├── redeyed@2.1.1
41 silly idealTree ├─┬ ref-napi@1.4.3
41 silly idealTree │ ├── debug@3.2.6
41 silly idealTree │ ├── ms@2.1.2
41 silly idealTree │ └── node-addon-api@2.0.0
41 silly idealTree ├─┬ ref-struct-di@1.1.0
41 silly idealTree │ ├── debug@3.2.6
41 silly idealTree │ └── ms@2.1.2
41 silly idealTree ├── reflect-metadata@0.1.13
41 silly idealTree ├── regex-not@1.0.2
41 silly idealTree ├── registry-auth-token@3.4.0
41 silly idealTree ├── registry-url@3.1.0
41 silly idealTree ├── remove-trailing-separator@1.1.0
41 silly idealTree ├── repeat-element@1.1.3
41 silly idealTree ├── repeat-string@1.6.1
41 silly idealTree ├── resolve-url@0.2.1
41 silly idealTree ├── ret@0.1.15
41 silly idealTree ├── safe-buffer@5.1.2
41 silly idealTree ├── safe-regex@1.1.0
41 silly idealTree ├── safer-buffer@2.1.2
41 silly idealTree ├── semver-diff@2.1.0
41 silly idealTree ├── semver@5.7.1
41 silly idealTree ├─┬ send@0.17.1
41 silly idealTree │ └── ms@2.1.1
41 silly idealTree ├── seq-queue@0.0.5
41 silly idealTree ├── serve-static@1.14.1
41 silly idealTree ├─┬ set-value@2.0.1
41 silly idealTree │ └── extend-shallow@2.0.1
41 silly idealTree ├── setprototypeof@1.1.1
41 silly idealTree ├── shebang-command@1.2.0
41 silly idealTree ├── shebang-regex@1.0.0
41 silly idealTree ├── signal-exit@3.0.2
41 silly idealTree ├─┬ snapdragon-node@2.1.1
41 silly idealTree │ ├── define-property@1.0.0
41 silly idealTree │ ├── is-accessor-descriptor@1.0.0
41 silly idealTree │ ├── is-data-descriptor@1.0.0
41 silly idealTree │ └── is-descriptor@1.0.2
41 silly idealTree ├─┬ snapdragon-util@3.0.1
41 silly idealTree │ └── kind-of@3.2.2
41 silly idealTree ├─┬ snapdragon@0.8.2
41 silly idealTree │ ├── define-property@0.2.5
41 silly idealTree │ ├── extend-shallow@2.0.1
41 silly idealTree │ └── source-map@0.5.7
41 silly idealTree ├── source-map-resolve@0.5.3
41 silly idealTree ├── source-map-support@0.5.16
41 silly idealTree ├── source-map-url@0.4.0
41 silly idealTree ├── source-map@0.6.1
41 silly idealTree ├── split-string@3.1.0
41 silly idealTree ├── sqlstring@2.3.2
41 silly idealTree ├─┬ static-extend@0.1.2
41 silly idealTree │ └── define-property@0.2.5
41 silly idealTree ├── statuses@1.5.0
41 silly idealTree ├── streamsearch@0.1.2
41 silly idealTree ├── string-template@1.0.0
41 silly idealTree ├─┬ string-width@2.1.1
41 silly idealTree │ ├── ansi-regex@3.0.0
41 silly idealTree │ └── strip-ansi@4.0.0
41 silly idealTree ├── strip-eof@1.0.0
41 silly idealTree ├── strip-json-comments@2.0.1
41 silly idealTree ├── supports-color@5.5.0
41 silly idealTree ├── term-size@1.2.0
41 silly idealTree ├── timed-out@4.0.1
41 silly idealTree ├─┬ to-object-path@0.3.0
41 silly idealTree │ └── kind-of@3.2.2
41 silly idealTree ├── to-regex-range@2.1.1
41 silly idealTree ├── to-regex@3.0.2
41 silly idealTree ├── toidentifier@1.0.0
41 silly idealTree ├── touch@3.1.0
41 silly idealTree ├── tslib@1.11.1
41 silly idealTree ├── type-check@0.3.2
41 silly idealTree ├── type-is@1.6.18
41 silly idealTree ├── undefsafe@2.0.3
41 silly idealTree ├── union-value@1.0.1
41 silly idealTree ├── unique-string@1.0.0
41 silly idealTree ├── unpipe@1.0.0
41 silly idealTree ├─┬ unset-value@1.0.0
41 silly idealTree │ ├─┬ has-value@0.3.1
41 silly idealTree │ │ └── isobject@2.1.0
41 silly idealTree │ ├── has-values@0.1.4
41 silly idealTree │ └── isarray@1.0.0
41 silly idealTree ├── unzip-response@2.0.1
41 silly idealTree ├── upath@1.2.0
41 silly idealTree ├── update-notifier@2.5.0
41 silly idealTree ├── urix@0.1.0
41 silly idealTree ├── url-parse-lax@1.0.0
41 silly idealTree ├── use@3.1.1
41 silly idealTree ├── util-deprecate@1.0.2
41 silly idealTree ├── utils-merge@1.0.1
41 silly idealTree ├── validator@12.0.0
41 silly idealTree ├── vary@1.1.2
41 silly idealTree ├── which@1.3.1
41 silly idealTree ├── widest-line@2.0.1
41 silly idealTree ├── word-wrap@1.2.3
41 silly idealTree ├── write-file-atomic@2.4.3
41 silly idealTree ├── xdg-basedir@3.0.0
41 silly idealTree └── yallist@2.1.2
42 silly generateActionsToTake Starting
43 silly install generateActionsToTake
44 silly generateActionsToTake Finishing
45 silly diffTrees action count 1
46 silly diffTrees update mysql2@2.1.0
47 silly decomposeActions action count 8
48 silly decomposeActions fetch mysql2@2.1.0
49 silly decomposeActions extract mysql2@2.1.0
50 silly decomposeActions test mysql2@2.1.0
51 silly decomposeActions preinstall mysql2@2.1.0
52 silly decomposeActions build mysql2@2.1.0
53 silly decomposeActions install mysql2@2.1.0
54 silly decomposeActions postinstall mysql2@2.1.0
55 silly decomposeActions finalize mysql2@2.1.0
56 silly executeActions Starting
57 silly install executeActions
58 silly doSerial global-install 0
59 silly doParallel fetch 1
60 verbose lock using /home/kirk/.npm/_locks/staging-32653665c91e9bec.lock for /mnt/c/Users/kirk/Documents/GitHub/SVGApp/node_modules/.staging
61 silly doParallel extract 1
62 silly extract mysql2@2.1.0
63 verbose unbuild node_modules/.staging/mysql2-cbb3875d
64 silly gentlyRm /mnt/c/Users/kirk/Documents/GitHub/SVGApp/node_modules/.staging/mysql2-cbb3875d is being purged from base /mnt/c/Users/kirk/Documents/GitHub/SVGApp
65 verbose gentlyRm don't care about contents; nuking /mnt/c/Users/kirk/Documents/GitHub/SVGApp/node_modules/.staging/mysql2-cbb3875d
66 verbose tar unpack /home/kirk/.npm/mysql2/2.1.0/package.tgz
67 verbose tar unpacking to /mnt/c/Users/kirk/Documents/GitHub/SVGApp/node_modules/.staging/mysql2-cbb3875d
68 silly gentlyRm /mnt/c/Users/kirk/Documents/GitHub/SVGApp/node_modules/.staging/mysql2-cbb3875d is being purged
69 verbose gentlyRm don't care about contents; nuking /mnt/c/Users/kirk/Documents/GitHub/SVGApp/node_modules/.staging/mysql2-cbb3875d
70 silly gunzTarPerm modes [ '777', '666' ]
71 silly gunzTarPerm extractEntry License
72 silly gunzTarPerm modified mode [ 'License', 420, 438 ]
73 silly gunzTarPerm extractEntry lib/auth_41.js
74 silly gunzTarPerm modified mode [ 'lib/auth_41.js', 420, 438 ]
75 silly gunzTarPerm extractEntry lib/packets/auth_switch_request_more_data.js
76 silly gunzTarPerm modified mode [ 'lib/packets/auth_switch_request_more_data.js', 420, 438 ]
77 silly gunzTarPerm extractEntry lib/packets/auth_switch_request.js
78 silly gunzTarPerm modified mode [ 'lib/packets/auth_switch_request.js', 420, 438 ]
79 silly gunzTarPerm extractEntry lib/packets/auth_switch_response.js
80 silly gunzTarPerm modified mode [ 'lib/packets/auth_switch_response.js', 420, 438 ]
81 silly gunzTarPerm extractEntry lib/commands/auth_switch.js
82 silly gunzTarPerm modified mode [ 'lib/commands/auth_switch.js', 420, 438 ]
83 silly gunzTarPerm extractEntry lib/parsers/binary_parser.js
84 silly gunzTarPerm modified mode [ 'lib/parsers/binary_parser.js', 420, 438 ]
85 silly gunzTarPerm extractEntry lib/packets/binary_row.js
86 silly gunzTarPerm modified mode [ 'lib/packets/binary_row.js', 420, 438 ]
87 silly gunzTarPerm extractEntry lib/commands/binlog_dump.js
88 silly gunzTarPerm modified mode [ 'lib/commands/binlog_dump.js', 420, 438 ]
89 silly gunzTarPerm extractEntry lib/packets/binlog_dump.js
90 silly gunzTarPerm modified mode [ 'lib/packets/binlog_dump.js', 420, 438 ]
91 silly gunzTarPerm extractEntry lib/packets/binlog_query_statusvars.js
92 silly gunzTarPerm modified mode [ 'lib/packets/binlog_query_statusvars.js', 420, 438 ]
93 silly gunzTarPerm extractEntry lib/auth_plugins/caching_sha2_password.js
94 silly gunzTarPerm modified mode [ 'lib/auth_plugins/caching_sha2_password.js', 420, 438 ]
95 silly gunzTarPerm extractEntry lib/commands/change_user.js
96 silly gunzTarPerm modified mode [ 'lib/commands/change_user.js', 420, 438 ]
97 silly gunzTarPerm extractEntry lib/packets/change_user.js
98 silly gunzTarPerm modified mode [ 'lib/packets/change_user.js', 420, 438 ]
99 silly gunzTarPerm extractEntry lib/constants/charset_encodings.js
100 silly gunzTarPerm modified mode [ 'lib/constants/charset_encodings.js', 420, 438 ]
101 silly gunzTarPerm extractEntry lib/constants/charsets.js
102 silly gunzTarPerm modified mode [ 'lib/constants/charsets.js', 420, 438 ]
103 silly gunzTarPerm extractEntry lib/commands/client_handshake.js
104 silly gunzTarPerm modified mode [ 'lib/commands/client_handshake.js', 420, 438 ]
105 silly gunzTarPerm extractEntry lib/constants/client.js
106 silly gunzTarPerm modified mode [ 'lib/constants/client.js', 420, 438 ]
107 silly gunzTarPerm extractEntry lib/commands/close_statement.js
108 silly gunzTarPerm modified mode [ 'lib/commands/close_statement.js', 420, 438 ]
109 silly gunzTarPerm extractEntry lib/packets/close_statement.js
110 silly gunzTarPerm modified mode [ 'lib/packets/close_statement.js', 420, 438 ]
111 silly gunzTarPerm extractEntry lib/packets/column_definition.js
112 silly gunzTarPerm modified mode [ 'lib/packets/column_definition.js', 420, 438 ]
113 silly gunzTarPerm extractEntry lib/commands/command.js
114 silly gunzTarPerm modified mode [ 'lib/commands/command.js', 420, 438 ]
115 silly gunzTarPerm extractEntry lib/constants/commands.js
116 silly gunzTarPerm modified mode [ 'lib/constants/commands.js', 420, 438 ]
117 silly gunzTarPerm extractEntry lib/compressed_protocol.js
118 silly gunzTarPerm modified mode [ 'lib/compressed_protocol.js', 420, 438 ]
119 silly gunzTarPerm extractEntry lib/connection_config.js
120 silly gunzTarPerm modified mode [ 'lib/connection_config.js', 420, 438 ]
121 silly gunzTarPerm extractEntry lib/connection.js
122 silly gunzTarPerm modified mode [ 'lib/connection.js', 420, 438 ]
123 silly gunzTarPerm extractEntry lib/constants/cursor.js
124 silly gunzTarPerm modified mode [ 'lib/constants/cursor.js', 420, 438 ]
125 silly gunzTarPerm extractEntry lib/constants/encoding_charset.js
126 silly gunzTarPerm modified mode [ 'lib/constants/encoding_charset.js', 420, 438 ]
127 silly gunzTarPerm extractEntry lib/constants/errors.js
128 silly gunzTarPerm modified mode [ 'lib/constants/errors.js', 420, 438 ]
129 silly gunzTarPerm extractEntry lib/commands/execute.js
130 silly gunzTarPerm modified mode [ 'lib/commands/execute.js', 420, 438 ]
131 silly gunzTarPerm extractEntry lib/packets/execute.js
132 silly gunzTarPerm modified mode [ 'lib/packets/execute.js', 420, 438 ]
133 silly gunzTarPerm extractEntry lib/constants/field_flags.js
134 silly gunzTarPerm modified mode [ 'lib/constants/field_flags.js', 420, 438 ]
135 silly gunzTarPerm extractEntry lib/packets/handshake_response.js
136 silly gunzTarPerm modified mode [ 'lib/packets/handshake_response.js', 420, 438 ]
137 silly gunzTarPerm extractEntry lib/packets/handshake.js
138 silly gunzTarPerm modified mode [ 'lib/packets/handshake.js', 420, 438 ]
139 silly gunzTarPerm extractEntry lib/helpers.js
140 silly gunzTarPerm modified mode [ 'lib/helpers.js', 420, 438 ]
141 silly gunzTarPerm extractEntry index.js
142 silly gunzTarPerm modified mode [ 'index.js', 420, 438 ]
143 silly gunzTarPerm extractEntry lib/auth_plugins/index.js
144 silly gunzTarPerm modified mode [ 'lib/auth_plugins/index.js', 420, 438 ]
145 silly gunzTarPerm extractEntry lib/commands/index.js
146 silly gunzTarPerm modified mode [ 'lib/commands/index.js', 420, 438 ]
147 silly gunzTarPerm extractEntry lib/packets/index.js
148 silly gunzTarPerm modified mode [ 'lib/packets/index.js', 420, 438 ]
149 silly gunzTarPerm extractEntry lib/auth_plugins/mysql_native_password.js
150 silly gunzTarPerm modified mode [ 'lib/auth_plugins/mysql_native_password.js', 420, 438 ]
151 silly gunzTarPerm extractEntry lib/packet_parser.js
152 silly gunzTarPerm modified mode [ 'lib/packet_parser.js', 420, 438 ]
153 silly gunzTarPerm extractEntry lib/packets/packet.js
154 silly gunzTarPerm modified mode [ 'lib/packets/packet.js', 420, 438 ]
155 silly gunzTarPerm extractEntry lib/parsers/parser_cache.js
156 silly gunzTarPerm modified mode [ 'lib/parsers/parser_cache.js', 420, 438 ]
157 silly gunzTarPerm extractEntry lib/commands/ping.js
158 silly gunzTarPerm modified mode [ 'lib/commands/ping.js', 420, 438 ]
159 silly gunzTarPerm extractEntry lib/pool_cluster.js
160 silly gunzTarPerm modified mode [ 'lib/pool_cluster.js', 420, 438 ]
161 silly gunzTarPerm extractEntry lib/pool_config.js
162 silly gunzTarPerm modified mode [ 'lib/pool_config.js', 420, 438 ]
163 silly gunzTarPerm extractEntry lib/pool_connection.js
164 silly gunzTarPerm modified mode [ 'lib/pool_connection.js', 420, 438 ]
165 silly gunzTarPerm extractEntry lib/pool.js
166 silly gunzTarPerm modified mode [ 'lib/pool.js', 420, 438 ]
167 silly gunzTarPerm extractEntry lib/packets/prepare_statement.js
168 silly gunzTarPerm modified mode [ 'lib/packets/prepare_statement.js', 420, 438 ]
169 silly gunzTarPerm extractEntry lib/commands/prepare.js
170 silly gunzTarPerm modified mode [ 'lib/commands/prepare.js', 420, 438 ]
171 silly gunzTarPerm extractEntry lib/packets/prepared_statement_header.js
172 silly gunzTarPerm modified mode [ 'lib/packets/prepared_statement_header.js', 420, 438 ]
173 silly gunzTarPerm extractEntry promise.js
174 silly gunzTarPerm modified mode [ 'promise.js', 420, 438 ]
175 silly gunzTarPerm extractEntry lib/commands/query.js
176 silly gunzTarPerm modified mode [ 'lib/commands/query.js', 420, 438 ]
177 silly gunzTarPerm extractEntry lib/packets/query.js
178 silly gunzTarPerm modified mode [ 'lib/packets/query.js', 420, 438 ]
179 silly gunzTarPerm extractEntry lib/commands/quit.js
180 silly gunzTarPerm modified mode [ 'lib/commands/quit.js', 420, 438 ]
181 silly gunzTarPerm extractEntry lib/commands/register_slave.js
182 silly gunzTarPerm modified mode [ 'lib/commands/register_slave.js', 420, 438 ]
183 silly gunzTarPerm extractEntry lib/packets/register_slave.js
184 silly gunzTarPerm modified mode [ 'lib/packets/register_slave.js', 420, 438 ]
185 silly gunzTarPerm extractEntry lib/results_stream.js
186 silly gunzTarPerm modified mode [ 'lib/results_stream.js', 420, 438 ]
187 silly gunzTarPerm extractEntry lib/packets/resultset_header.js
188 silly gunzTarPerm modified mode [ 'lib/packets/resultset_header.js', 420, 438 ]
189 silly gunzTarPerm extractEntry lib/commands/server_handshake.js
190 silly gunzTarPerm modified mode [ 'lib/commands/server_handshake.js', 420, 438 ]
191 silly gunzTarPerm extractEntry lib/constants/server_status.js
192 silly gunzTarPerm modified mode [ 'lib/constants/server_status.js', 420, 438 ]
193 silly gunzTarPerm extractEntry lib/server.js
194 silly gunzTarPerm modified mode [ 'lib/server.js', 420, 438 ]
195 silly gunzTarPerm extractEntry lib/constants/session_track.js
196 silly gunzTarPerm modified mode [ 'lib/constants/session_track.js', 420, 438 ]
197 silly gunzTarPerm extractEntry lib/constants/ssl_profiles.js
198 silly gunzTarPerm modified mode [ 'lib/constants/ssl_profiles.js', 420, 438 ]
199 silly gunzTarPerm extractEntry lib/packets/ssl_request.js
200 silly gunzTarPerm modified mode [ 'lib/packets/ssl_request.js', 420, 438 ]
201 silly gunzTarPerm extractEntry lib/parsers/string.js
202 silly gunzTarPerm modified mode [ 'lib/parsers/string.js', 420, 438 ]
203 silly gunzTarPerm extractEntry lib/parsers/text_parser.js
204 silly gunzTarPerm modified mode [ 'lib/parsers/text_parser.js', 420, 438 ]
205 silly gunzTarPerm extractEntry lib/packets/text_row.js
206 silly gunzTarPerm modified mode [ 'lib/packets/text_row.js', 420, 438 ]
207 silly gunzTarPerm extractEntry lib/constants/types.js
208 silly gunzTarPerm modified mode [ 'lib/constants/types.js', 420, 438 ]
209 silly gunzTarPerm extractEntry package.json
210 silly gunzTarPerm modified mode [ 'package.json', 420, 438 ]
211 silly gunzTarPerm extractEntry lib/auth_plugins/caching_sha2_password.md
212 silly gunzTarPerm modified mode [ 'lib/auth_plugins/caching_sha2_password.md', 420, 438 ]
213 silly gunzTarPerm extractEntry Changelog.md
214 silly gunzTarPerm modified mode [ 'Changelog.md', 420, 438 ]
215 silly gunzTarPerm extractEntry README.md
216 silly gunzTarPerm modified mode [ 'README.md', 420, 438 ]
217 silly gentlyRm /mnt/c/Users/kirk/Documents/GitHub/SVGApp/node_modules/.staging/mysql2-cbb3875d/node_modules is being purged
218 verbose gentlyRm don't care about contents; nuking /mnt/c/Users/kirk/Documents/GitHub/SVGApp/node_modules/.staging/mysql2-cbb3875d/node_modules
219 silly doParallel preinstall 1
220 silly preinstall mysql2@2.1.0 /mnt/c/Users/kirk/Documents/GitHub/SVGApp/node_modules/.staging/mysql2-cbb3875d
221 info lifecycle mysql2@2.1.0~preinstall: mysql2@2.1.0
222 silly lifecycle mysql2@2.1.0~preinstall: no script for preinstall, continuing
223 silly doReverseSerial remove 0
224 silly doSerial move 0
225 silly doSerial finalize 1
226 silly finalize /mnt/c/Users/kirk/Documents/GitHub/SVGApp/node_modules/mysql2
227 verbose unlock done using /home/kirk/.npm/_locks/staging-32653665c91e9bec.lock for /mnt/c/Users/kirk/Documents/GitHub/SVGApp/node_modules/.staging
228 silly rollbackFailedOptional Starting
229 silly rollbackFailedOptional Finishing
230 silly runTopLevelLifecycles Starting
231 silly runTopLevelLifecycles Finishing
232 silly install printInstalled
233 warn optional Skipping failed optional dependency /chokidar/fsevents:
234 warn notsup Not compatible with your operating system or architecture: fsevents@1.2.13
235 warn acorn-import-meta@1.0.0 requires a peer of acorn@^6.0.0 but none was installed.
236 warn a3@1.0.0 No repository field.
237 verbose stack Error: EACCES: permission denied, rename '/mnt/c/Users/kirk/Documents/GitHub/SVGApp/node_modules/mysql2' -> '/mnt/c/Users/kirk/Documents/GitHub/SVGApp/node_modules/.mysql2.DELETE'
237 verbose stack     at moveAway (/usr/share/npm/lib/install/action/finalize.js:38:5)
237 verbose stack     at destStatted (/usr/share/npm/lib/install/action/finalize.js:27:7)
237 verbose stack     at FSReqWrap.oncomplete (fs.js:153:5)
237 verbose stack
237 verbose stack Error: EACCES: permission denied, rename '/mnt/c/Users/kirk/Documents/GitHub/SVGApp/node_modules/mysql2' -> '/mnt/c/Users/kirk/Documents/GitHub/SVGApp/node_modules/.mysql2.DELETE'
238 verbose cwd /mnt/c/Users/kirk/Documents/GitHub/SVGApp
239 error Linux 4.4.0-18362-Microsoft
240 error argv "/usr/bin/node" "/usr/bin/npm" "install"
241 error node v8.10.0
242 error npm  v3.5.2
243 error path /mnt/c/Users/kirk/Documents/GitHub/SVGApp/node_modules/mysql2
244 error code EACCES
245 error errno -13
246 error syscall rename
247 error Error: EACCES: permission denied, rename '/mnt/c/Users/kirk/Documents/GitHub/SVGApp/node_modules/mysql2' -> '/mnt/c/Users/kirk/Documents/GitHub/SVGApp/node_modules/.mysql2.DELETE'
247 error     at moveAway (/usr/share/npm/lib/install/action/finalize.js:38:5)
247 error     at destStatted (/usr/share/npm/lib/install/action/finalize.js:27:7)
247 error     at FSReqWrap.oncomplete (fs.js:153:5)
247 error
247 error Error: EACCES: permission denied, rename '/mnt/c/Users/kirk/Documents/GitHub/SVGApp/node_modules/mysql2' -> '/mnt/c/Users/kirk/Documents/GitHub/SVGApp/node_modules/.mysql2.DELETE'
247 error  { Error: EACCES: permission denied, rename '/mnt/c/Users/kirk/Documents/GitHub/SVGApp/node_modules/mysql2' -> '/mnt/c/Users/kirk/Documents/GitHub/SVGApp/node_modules/.mysql2.DELETE'
247 error     at moveAway (/usr/share/npm/lib/install/action/finalize.js:38:5)
247 error     at destStatted (/usr/share/npm/lib/install/action/finalize.js:27:7)
247 error     at FSReqWrap.oncomplete (fs.js:153:5)
247 error
247 error Error: EACCES: permission denied, rename '/mnt/c/Users/kirk/Documents/GitHub/SVGApp/node_modules/mysql2' -> '/mnt/c/Users/kirk/Documents/GitHub/SVGApp/node_modules/.mysql2.DELETE' parent: 'a3' }
248 error Please try running this command again as root/Administrator.
249 verbose exit [ -13, true ]
